d:\final\rtspclientsharpcore\libffmpeghelper\x64\debug\libffmpeghelper.pch
d:\final\rtspclientsharpcore\libffmpeghelper\x64\debug\vc143.pdb
d:\final\rtspclientsharpcore\libffmpeghelper\x64\debug\vc143.idb
d:\final\rtspclientsharpcore\libffmpeghelper\x64\debug\stdafx.obj
d:\final\rtspclientsharpcore\libffmpeghelper\x64\debug\videodecoding.obj
d:\final\rtspclientsharpcore\libffmpeghelper\x64\debug\dllmain.obj
d:\final\rtspclientsharpcore\libffmpeghelper\x64\debug\audiodecoding.obj
d:\final\rtspclientsharpcore\libffmpeghelper\x64\debug\libffmpeghelper.ilk
d:\final\rtspclientsharpcore\libffmpeghelper\x64\debug\libffmpeghelper.dll
d:\final\rtspclientsharpcore\libffmpeghelper\x64\debug\libffmpeghelper.pdb
d:\final\rtspclientsharpcore\libffmpeghelper\x64\debug\libffmpeghelper.lib
d:\final\rtspclientsharpcore\libffmpeghelper\x64\debug\libffmpeghelper.exp
d:\final\rtspclientsharpcore\libffmpeghelper\x64\debug\libffmpeghelper.vcxproj.filelistabsolute.txt
d:\final\rtspclientsharpcore\libffmpeghelper\x64\debug\libffmpeghelper.tlog\cl.read.1.tlog
d:\final\rtspclientsharpcore\libffmpeghelper\x64\debug\libffmpeghelper.tlog\cl.write.1.tlog
d:\final\rtspclientsharpcore\libffmpeghelper\x64\debug\libffmpeghelper.tlog\cl.command.1.tlog
d:\final\rtspclientsharpcore\libffmpeghelper\x64\debug\libffmpeghelper.tlog\link.read.2.tlog
d:\final\rtspclientsharpcore\libffmpeghelper\x64\debug\libffmpeghelper.tlog\link.write.1.tlog
d:\final\rtspclientsharpcore\libffmpeghelper\x64\debug\libffmpeghelper.tlog\link.command.1.tlog
d:\final\rtspclientsharpcore\libffmpeghelper\x64\debug\libffmpeghelper.tlog\libffmpeghelper.write.1u.tlog
