c:\users\fahim.rahmathali\source\repos\rtspclientsharpcore\libffmpeghelper\x64\release\libffmpeghelper.pch
c:\users\fahim.rahmathali\source\repos\rtspclientsharpcore\libffmpeghelper\x64\release\vc143.pdb
c:\users\fahim.rahmathali\source\repos\rtspclientsharpcore\libffmpeghelper\x64\release\stdafx.obj
c:\users\fahim.rahmathali\source\repos\rtspclientsharpcore\libffmpeghelper\x64\release\videodecoding.obj
c:\users\fahim.rahmathali\source\repos\rtspclientsharpcore\libffmpeghelper\x64\release\dllmain.obj
c:\users\fahim.rahmathali\source\repos\rtspclientsharpcore\libffmpeghelper\x64\release\audiodecoding.obj
c:\users\fahim.rahmathali\source\repos\rtspclientsharpcore\libffmpeghelper\x64\release\libffmpeghelper.lib
c:\users\fahim.rahmathali\source\repos\rtspclientsharpcore\libffmpeghelper\x64\release\libffmpeghelper.exp
c:\users\fahim.rahmathali\source\repos\rtspclientsharpcore\libffmpeghelper\x64\release\libffmpeghelper.ipdb
c:\users\fahim.rahmathali\source\repos\rtspclientsharpcore\libffmpeghelper\x64\release\libffmpeghelper.iobj
c:\users\fahim.rahmathali\source\repos\rtspclientsharpcore\libffmpeghelper\x64\release\libffmpeghelper.dll
c:\users\fahim.rahmathali\source\repos\rtspclientsharpcore\libffmpeghelper\x64\release\libffmpeghelper.pdb
c:\users\fahim.rahmathali\source\repos\rtspclientsharpcore\libffmpeghelper\x64\release\libffmpeghelper.vcxproj.filelistabsolute.txt
c:\users\fahim.rahmathali\source\repos\rtspclientsharpcore\libffmpeghelper\x64\release\libffmpeghelper.tlog\cl.command.1.tlog
c:\users\fahim.rahmathali\source\repos\rtspclientsharpcore\libffmpeghelper\x64\release\libffmpeghelper.tlog\cl.read.1.tlog
c:\users\fahim.rahmathali\source\repos\rtspclientsharpcore\libffmpeghelper\x64\release\libffmpeghelper.tlog\cl.write.1.tlog
c:\users\fahim.rahmathali\source\repos\rtspclientsharpcore\libffmpeghelper\x64\release\libffmpeghelper.tlog\libffmpeghelper.write.1u.tlog
c:\users\fahim.rahmathali\source\repos\rtspclientsharpcore\libffmpeghelper\x64\release\libffmpeghelper.tlog\link.command.1.tlog
c:\users\fahim.rahmathali\source\repos\rtspclientsharpcore\libffmpeghelper\x64\release\libffmpeghelper.tlog\link.read.1.tlog
c:\users\fahim.rahmathali\source\repos\rtspclientsharpcore\libffmpeghelper\x64\release\libffmpeghelper.tlog\link.write.1.tlog
